2026-02-10 09:35:58,489 - INFO - Iniciando Bot Cash & Carry (Modo Simulado)...
2026-02-10 09:35:58,496 - INFO - Estado anterior carregado com SUCESSO.
2026-02-10 09:35:58,549 - INFO - Conectado ao banco de dados: database_02-2026.db
2026-02-10 09:35:58,549 - INFO - Iniciando varredura dinâmica de mercado...
2026-02-10 09:36:02,945 - INFO - Pré-filtro de volume: 38 pares encontrados.
2026-02-10 09:36:07,369 - INFO - [APROVADO] filtro de consistência: ALPHA/USDT:USDT
2026-02-10 09:37:57,859 - INFO - Parando bot manualmente...
2026-02-10 09:37:57,859 - INFO - Conexão com banco de dados encerrada.
2026-02-10 09:38:07,124 - INFO - Iniciando Bot Cash & Carry (Modo Simulado)...
2026-02-10 09:38:07,132 - INFO - Estado anterior carregado com SUCESSO.
2026-02-10 09:38:07,133 - INFO - Conectado ao banco de dados: database_02-2026.db
2026-02-10 09:38:07,133 - INFO - Iniciando varredura dinâmica de mercado...
2026-02-10 09:38:12,035 - INFO - Pré-filtro de volume: 38 pares encontrados.
2026-02-10 09:38:16,575 - INFO - [APROVADO] filtro de consistência: ALPHA/USDT:USDT
2026-02-10 09:42:11,226 - INFO - Parando bot manualmente...
2026-02-10 09:42:11,227 - INFO - Conexão com banco de dados encerrada.
2026-02-10 09:42:19,216 - INFO - Iniciando Bot Cash & Carry (Modo Simulado)...
2026-02-10 09:42:19,223 - INFO - Estado anterior carregado com SUCESSO.
2026-02-10 09:42:19,224 - INFO - Conectado ao banco de dados: database_02-2026.db
2026-02-10 09:42:19,224 - INFO - Iniciando varredura dinâmica de mercado...
2026-02-10 09:42:23,619 - INFO - Pré-filtro de volume: 38 pares encontrados.
2026-02-10 09:42:45,011 - INFO - [APROVADO] filtro de consistência: ALPHA/USDT:USDT
2026-02-10 09:52:26,649 - INFO - Parando bot manualmente...
2026-02-10 09:52:26,650 - INFO - Conexão com banco de dados encerrada.
2026-02-10 09:52:45,281 - INFO - Iniciando Bot Cash & Carry (Modo Simulado)...
2026-02-10 09:52:45,293 - INFO - Estado anterior carregado com SUCESSO.
2026-02-10 09:52:45,295 - INFO - Conectado ao banco de dados: database_02-2026.db
2026-02-10 09:52:49,096 - INFO - Iniciando varredura dinâmica de mercado...
2026-02-10 09:52:54,644 - INFO - Pré-filtro de volume: 38 pares encontrados.
2026-02-10 09:54:18,720 - INFO - [APROVADO] filtro de consistência: ALPHA/USDT:USDT
